==============================================================================
Suites                                                                        
==============================================================================
Suites.DDT                                                                    
==============================================================================
right username empty pwd                                              | PASS |
------------------------------------------------------------------------------
empty username rigt pwd                                               | PASS |
------------------------------------------------------------------------------
right username wrong pwd                                              | PASS |
------------------------------------------------------------------------------
wrong username right pwd                                              | PASS |
------------------------------------------------------------------------------
wrong username wrong pwd                                              | PASS |
------------------------------------------------------------------------------
wrong username empty pwd                                              | PASS |
------------------------------------------------------------------------------
Suites.DDT                                                            | PASS |
6 tests, 6 passed, 0 failed
==============================================================================
Suites                                                                | PASS |
6 tests, 6 passed, 0 failed
==============================================================================
Output:  C:\Users\Trax\PycharmProjects\demorobot\project\new_report\pabot_results\0\output.xml
